Running Sphinx v8.2.3
loading translations [en]... done
loading pickled environment... The configuration has changed (4 options: 'html_permalinks_icon', 'jquery_use_sri', 'nbsphinx_requirejs_options', 'nbsphinx_requirejs_path')
done
Writing evaluated template result to /app/docsrc/_build/html/_static/nbsphinx-code-cells.css
[autosummary] generating autosummary for: api/classes.rst, api/core.rst, api/defaults.rst, api/generated/pyRTX.classes.Atmosphere.rst, api/generated/pyRTX.classes.Drag.rst, api/generated/pyRTX.classes.LookUpTable.rst, api/generated/pyRTX.classes.PixelPlane.rst, api/generated/pyRTX.classes.Planet.rst, api/generated/pyRTX.classes.Precompute.rst, api/generated/pyRTX.classes.Radiation.rst, ..., installation.rst, quickstart.rst, tutorials/Notebook1.ipynb, tutorials/Notebook2.ipynb, tutorials/Notebook3.ipynb, tutorials/Notebook4.ipynb, tutorials/benchmarking_rtx_kernels.ipynb, tutorials/full_visualization.ipynb, tutorials/index.rst, tutorials/lro_visualization.ipynb
building [mo]: targets for 0 po files that are out of date
writing output... 
building [html]: targets for 22 source files that are out of date
updating environment: 0 added, 23 changed, 0 removed
reading sources... [  4%] api/classes
reading sources... [  9%] api/core
reading sources... [ 13%] api/generated/pyRTX.classes
reading sources... [ 17%] api/generated/pyRTX.classes.Atmosphere
reading sources... [ 22%] api/generated/pyRTX.classes.Drag
reading sources... [ 26%] api/generated/pyRTX.classes.LookUpTable
reading sources... [ 30%] api/generated/pyRTX.classes.PixelPlane
reading sources... [ 35%] api/generated/pyRTX.classes.Planet
reading sources... [ 39%] api/generated/pyRTX.classes.Precompute
reading sources... [ 43%] api/generated/pyRTX.classes.Radiation
reading sources... [ 48%] api/generated/pyRTX.classes.RayTracer
reading sources... [ 52%] api/generated/pyRTX.classes.SRP
reading sources... [ 57%] api/generated/pyRTX.classes.Spacecraft
reading sources... [ 61%] api/generated/pyRTX.core
reading sources... [ 65%] api/generated/pyRTX.core.analysis_utils
reading sources... [ 70%] api/generated/pyRTX.core.parallel_utils
reading sources... [ 74%] api/generated/pyRTX.core.physical_utils
reading sources... [ 78%] api/generated/pyRTX.core.shadow_utils
reading sources... [ 83%] api/generated/pyRTX.core.utils_rt
reading sources... [ 87%] api/modules
reading sources... [ 91%] api/pyRTX
reading sources... [ 96%] api/pyRTX.visual
reading sources... [100%] index

/app/pyRTX/classes/Atmosphere.py:docstring of pyRTX.classes.Atmosphere.VenusGram:16: WARNING: Inline emphasis start-string without end-string. [docutils]
/app/pyRTX/core/analysis_utils.py:docstring of pyRTX.core.analysis_utils.ScatterLookup:8: WARNING: Inline emphasis start-string without end-string. [docutils]
/app/pyRTX/core/analysis_utils.py:docstring of pyRTX.core.analysis_utils.ScatterLookup:8: WARNING: Inline strong start-string without end-string. [docutils]
/app/pyRTX/core/analysis_utils.py:docstring of pyRTX.core.analysis_utils.ScatterLookup:8: WARNING: Inline emphasis start-string without end-string. [docutils]
/app/pyRTX/core/analysis_utils.py:docstring of pyRTX.core.analysis_utils.ScatterLookup:8: WARNING: Inline strong start-string without end-string. [docutils]
/app/pyRTX/core/analysis_utils.py:docstring of pyRTX.core.analysis_utils.convertTIFtoMesh:11: ERROR: Unexpected indentation. [docutils]
/app/pyRTX/core/analysis_utils.py:docstring of pyRTX.core.analysis_utils.get_spacecraft_area:10: ERROR: Unexpected indentation. [docutils]
/app/pyRTX/core/analysis_utils.py:docstring of pyRTX.core.analysis_utils.get_spacecraft_area:14: ERROR: Unexpected indentation. [docutils]
/app/pyRTX/core/analysis_utils.py:docstring of pyRTX.core.analysis_utils.get_sun_exposed_area:9: ERROR: Unexpected indentation. [docutils]
/app/pyRTX/core/analysis_utils.py:docstring of pyRTX.core.analysis_utils.get_sun_exposed_area:13: ERROR: Unexpected indentation. [docutils]
/app/pyRTX/core/parallel_utils.py:docstring of pyRTX.core.parallel_utils.parallel:22: ERROR: Unexpected indentation. [docutils]
/app/pyRTX/core/physical_utils.py:docstring of pyRTX.core.physical_utils.preprocess_materials:4: ERROR: Unexpected indentation. [docutils]
/app/pyRTX/core/physical_utils.py:docstring of pyRTX.core.physical_utils.srp_core:12: ERROR: Unexpected indentation. [docutils]
/app/pyRTX/utilities.py:docstring of pyRTX.utilities.export_exac:38: ERROR: Unexpected indentation. [docutils]
/app/pyRTX/visual/utils.py:docstring of pyRTX.visual.utils.plot_mesh:44: ERROR: Unexpected indentation. [docutils]
/app/docsrc/index.rst:12: WARNING: toctree contains reference to nonexisting document 'examples' [toc.not_readable]
looking for now-outdated files... none found
pickling environment... done
checking consistency... /app/docsrc/api/modules.rst: WARNING: document isn't included in any toctree [toc.not_included]
/app/docsrc/tutorials/benchmarking_rtx_kernels.ipynb: WARNING: document isn't included in any toctree [toc.not_included]
/app/docsrc/tutorials/full_visualization.ipynb: WARNING: document isn't included in any toctree [toc.not_included]
/app/docsrc/tutorials/lro_visualization.ipynb: WARNING: document isn't included in any toctree [toc.not_included]
/app/docsrc/api/generated/pyRTX.classes.Atmosphere.rst: document is referenced in multiple toctrees: ['api/classes', 'api/generated/pyRTX.classes'], selecting: api/generated/pyRTX.classes <- api/generated/pyRTX.classes.Atmosphere
/app/docsrc/api/generated/pyRTX.classes.Drag.rst: document is referenced in multiple toctrees: ['api/classes', 'api/generated/pyRTX.classes'], selecting: api/generated/pyRTX.classes <- api/generated/pyRTX.classes.Drag
/app/docsrc/api/generated/pyRTX.classes.LookUpTable.rst: document is referenced in multiple toctrees: ['api/classes', 'api/generated/pyRTX.classes'], selecting: api/generated/pyRTX.classes <- api/generated/pyRTX.classes.LookUpTable
/app/docsrc/api/generated/pyRTX.classes.PixelPlane.rst: document is referenced in multiple toctrees: ['api/classes', 'api/generated/pyRTX.classes'], selecting: api/generated/pyRTX.classes <- api/generated/pyRTX.classes.PixelPlane
/app/docsrc/api/generated/pyRTX.classes.Planet.rst: document is referenced in multiple toctrees: ['api/classes', 'api/generated/pyRTX.classes'], selecting: api/generated/pyRTX.classes <- api/generated/pyRTX.classes.Planet
/app/docsrc/api/generated/pyRTX.classes.Precompute.rst: document is referenced in multiple toctrees: ['api/classes', 'api/generated/pyRTX.classes'], selecting: api/generated/pyRTX.classes <- api/generated/pyRTX.classes.Precompute
/app/docsrc/api/generated/pyRTX.classes.Radiation.rst: document is referenced in multiple toctrees: ['api/classes', 'api/generated/pyRTX.classes'], selecting: api/generated/pyRTX.classes <- api/generated/pyRTX.classes.Radiation
/app/docsrc/api/generated/pyRTX.classes.RayTracer.rst: document is referenced in multiple toctrees: ['api/classes', 'api/generated/pyRTX.classes'], selecting: api/generated/pyRTX.classes <- api/generated/pyRTX.classes.RayTracer
/app/docsrc/api/generated/pyRTX.classes.SRP.rst: document is referenced in multiple toctrees: ['api/classes', 'api/generated/pyRTX.classes'], selecting: api/generated/pyRTX.classes <- api/generated/pyRTX.classes.SRP
/app/docsrc/api/generated/pyRTX.classes.Spacecraft.rst: document is referenced in multiple toctrees: ['api/classes', 'api/generated/pyRTX.classes'], selecting: api/generated/pyRTX.classes <- api/generated/pyRTX.classes.Spacecraft
/app/docsrc/api/generated/pyRTX.core.analysis_utils.rst: document is referenced in multiple toctrees: ['api/core', 'api/generated/pyRTX.core'], selecting: api/generated/pyRTX.core <- api/generated/pyRTX.core.analysis_utils
/app/docsrc/api/generated/pyRTX.core.parallel_utils.rst: document is referenced in multiple toctrees: ['api/core', 'api/generated/pyRTX.core'], selecting: api/generated/pyRTX.core <- api/generated/pyRTX.core.parallel_utils
/app/docsrc/api/generated/pyRTX.core.physical_utils.rst: document is referenced in multiple toctrees: ['api/core', 'api/generated/pyRTX.core'], selecting: api/generated/pyRTX.core <- api/generated/pyRTX.core.physical_utils
/app/docsrc/api/generated/pyRTX.core.shadow_utils.rst: document is referenced in multiple toctrees: ['api/core', 'api/generated/pyRTX.core'], selecting: api/generated/pyRTX.core <- api/generated/pyRTX.core.shadow_utils
/app/docsrc/api/generated/pyRTX.core.utils_rt.rst: document is referenced in multiple toctrees: ['api/core', 'api/generated/pyRTX.core'], selecting: api/generated/pyRTX.core <- api/generated/pyRTX.core.utils_rt
done
preparing documents... WARNING: unsupported theme option 'display_version' given
WARNING: unsupported theme option 'github_url' given
done
copying assets...
copying static files...
Writing evaluated template result to /app/docsrc/_build/html/_static/language_data.js
Writing evaluated template result to /app/docsrc/_build/html/_static/documentation_options.js
Writing evaluated template result to /app/docsrc/_build/html/_static/basic.css
Writing evaluated template result to /app/docsrc/_build/html/_static/js/versions.js
copying static files: done
copying extra files...
copying extra files: done
copying assets: done
writing output... [  4%] api/classes
writing output... [  8%] api/core
writing output... [ 12%] api/generated/pyRTX.classes
writing output... [ 17%] api/generated/pyRTX.classes.Atmosphere
writing output... [ 21%] api/generated/pyRTX.classes.Drag
writing output... [ 25%] api/generated/pyRTX.classes.LookUpTable
writing output... [ 29%] api/generated/pyRTX.classes.PixelPlane
writing output... [ 33%] api/generated/pyRTX.classes.Planet
writing output... [ 38%] api/generated/pyRTX.classes.Precompute
writing output... [ 42%] api/generated/pyRTX.classes.Radiation
writing output... [ 46%] api/generated/pyRTX.classes.RayTracer
writing output... [ 50%] api/generated/pyRTX.classes.SRP
writing output... [ 54%] api/generated/pyRTX.classes.Spacecraft
writing output... [ 58%] api/generated/pyRTX.core
writing output... [ 62%] api/generated/pyRTX.core.analysis_utils
writing output... [ 67%] api/generated/pyRTX.core.parallel_utils
writing output... [ 71%] api/generated/pyRTX.core.physical_utils
writing output... [ 75%] api/generated/pyRTX.core.shadow_utils
writing output... [ 79%] api/generated/pyRTX.core.utils_rt
writing output... [ 83%] api/index
writing output... [ 88%] api/modules
writing output... [ 92%] api/pyRTX
writing output... [ 96%] api/pyRTX.visual
writing output... [100%] index

generating indices... genindex py-modindex done
copying linked files...
copying notebooks ...
highlighting module code... [  6%] pyRTX.classes.Atmosphere
highlighting module code... [ 11%] pyRTX.classes.Drag
highlighting module code... [ 17%] pyRTX.classes.LookUpTable
highlighting module code... [ 22%] pyRTX.classes.PixelPlane
highlighting module code... [ 28%] pyRTX.classes.Planet
highlighting module code... [ 33%] pyRTX.classes.Precompute
highlighting module code... [ 39%] pyRTX.classes.Radiation
highlighting module code... [ 44%] pyRTX.classes.RayTracer
highlighting module code... [ 50%] pyRTX.classes.SRP
highlighting module code... [ 56%] pyRTX.classes.Spacecraft
highlighting module code... [ 61%] pyRTX.core.analysis_utils
highlighting module code... [ 67%] pyRTX.core.parallel_utils
highlighting module code... [ 72%] pyRTX.core.physical_utils
highlighting module code... [ 78%] pyRTX.core.shadow_utils
highlighting module code... [ 83%] pyRTX.core.utils_rt
highlighting module code... [ 89%] pyRTX.helpers
highlighting module code... [ 94%] pyRTX.utilities
highlighting module code... [100%] pyRTX.visual.utils

writing additional pages... search done
copying images... [100%] _static/pyrtx_banner.png

dumping search index in English (code: en)... done
dumping object inventory... done
build succeeded, 22 warnings.

The HTML pages are in _build/html.
